<?xml version="1.0" encoding="UTF-8"?>
<!-- Generated by org.testng.reporters.JUnitReportReporter -->
<testsuite skipped="0" hostname="Toshiba-PC-TOSH" name="Newowner.annotation.TestExcelData" tests="2" failures="0" timestamp="18 Mar 2018 11:32:22 GMT" time="34.111" errors="0">
  <testcase name="Addownertest" time="18.317" classname="Newowner.annotation.TestExcelData"/>
  <testcase name="Addownertest" time="15.794" classname="Newowner.annotation.TestExcelData"/>
</testsuite> <!-- Newowner.annotation.TestExcelData -->
