<?xml version="1.0" encoding="UTF-8"?>
<!-- Generated by org.testng.reporters.JUnitReportReporter -->
<testsuite skipped="0" hostname="Toshiba-PC-TOSH" name="Newowner.annotation.TestExcelData" tests="2" failures="0" timestamp="26 Mar 2018 04:57:36 GMT" time="186.770" errors="0">
  <testcase name="Addownertest" time="42.271" classname="Newowner.annotation.TestExcelData"/>
  <testcase name="Addownertest" time="144.499" classname="Newowner.annotation.TestExcelData"/>
</testsuite> <!-- Newowner.annotation.TestExcelData -->
