<?xml version="1.0" encoding="UTF-8"?>
<!-- Generated by org.testng.reporters.JUnitReportReporter -->
<testsuite skipped="0" hostname="Toshiba-PC-TOSH" name="Newowner.annotation.TestExcelData" tests="2" failures="0" timestamp="27 Mar 2018 09:07:48 GMT" time="123.124" errors="0">
  <testcase name="Addownertest" time="98.455" classname="Newowner.annotation.TestExcelData"/>
  <testcase name="Addownertest" time="24.669" classname="Newowner.annotation.TestExcelData"/>
</testsuite> <!-- Newowner.annotation.TestExcelData -->
