<?xml version="1.0" encoding="UTF-8"?>
<!-- Generated by org.testng.reporters.JUnitReportReporter -->
<testsuite skipped="0" hostname="Toshiba-PC-TOSH" name="owner.annotation.CreateOwnerTestTest" tests="1" failures="0" timestamp="18 Mar 2018 05:22:08 GMT" time="29.740" errors="0">
  <testcase name="f" time="29.740" classname="owner.annotation.CreateOwnerTestTest"/>
</testsuite> <!-- owner.annotation.CreateOwnerTestTest -->
